<?xml version="1.0" encoding="UTF-8"?>
<coverage generated="1586947437126" clover="3.2.0">
  <project timestamp="1586947437126" name="All files">
    <metrics statements="7" coveredstatements="5" conditionals="2" coveredconditionals="2" methods="2" coveredmethods="1" elements="11" coveredelements="8" complexity="0" loc="7" ncloc="7" packages="1" files="2" classes="2"/>
    <file name="delete-odds.js" path="/Users/javiervelascokairos/Desktop/Kurso-back/src/delete-odds.js">
      <metrics statements="6" coveredstatements="5" conditionals="2" coveredconditionals="2" methods="1" coveredmethods="1"/>
      <line num="2" count="1" type="stmt"/>
      <line num="3" count="1" type="stmt"/>
      <line num="6" count="1" type="stmt"/>
      <line num="7" count="2" type="cond" truecount="2" falsecount="0"/>
      <line num="8" count="1" type="stmt"/>
      <line num="11" count="0" type="stmt"/>
    </file>
    <file name="hello.js" path="/Users/javiervelascokairos/Desktop/Kurso-back/src/hello.js">
      <metrics statements="1" coveredstatements="0" conditionals="0" coveredconditionals="0" methods="1" coveredmethods="0"/>
      <line num="2" count="0" type="stmt"/>
    </file>
  </project>
</coverage>
